<?xml version="1.0" encoding="UTF-8"?>
<!-- Generated by org.testng.reporters.JUnitReportReporter -->
<testsuite hostname="HOME-PC" name="special.cases.BrokenLinks" tests="1" failures="0" timestamp="14 Apr 2017 08:58:12 GMT" time="1.634" errors="0">
  <testcase name="f" time="1.634" classname="special.cases.BrokenLinks"/>
</testsuite> <!-- special.cases.BrokenLinks -->
