<?xml version="1.0" encoding="UTF-8"?>
<!-- Generated by org.testng.reporters.JUnitReportReporter -->
<testsuite hostname="HOME-PC" name="browser.command.BrowserNav" tests="2" failures="0" timestamp="25 Mar 2017 16:07:02 GMT" time="5.533" errors="0">
  <testcase name="CaseTwo" time="3.789" classname="browser.command.BrowserNav"/>
  <testcase name="CaseOne" time="1.744" classname="browser.command.BrowserNav"/>
</testsuite> <!-- browser.command.BrowserNav -->
