<?xml version="1.0" encoding="UTF-8"?>
<!-- Generated by org.testng.reporters.JUnitReportReporter -->
<testsuite hostname="HOME-PC" name="com.interactions.FileUploadTwo" tests="1" failures="0" timestamp="4 Apr 2017 01:15:37 GMT" time="3.659" errors="0">
  <testcase name="f" time="3.659" classname="com.interactions.FileUploadTwo"/>
</testsuite> <!-- com.interactions.FileUploadTwo -->
