<?xml version="1.0" encoding="UTF-8"?>
<!-- Generated by org.testng.reporters.JUnitReportReporter -->
<testsuite hostname="HOME-PC" name="browser.command.NewTabThree" tests="1" failures="0" timestamp="26 Mar 2017 00:37:17 GMT" time="20.276" errors="0">
  <testcase name="f" time="20.276" classname="browser.command.NewTabThree"/>
</testsuite> <!-- browser.command.NewTabThree -->
