<?xml version="1.0" encoding="UTF-8"?>
<!-- Generated by org.testng.reporters.JUnitReportReporter -->
<testsuite hostname="HOME-PC" name="special.cases.CapturePhoto" tests="1" failures="0" timestamp="14 Apr 2017 10:03:11 GMT" time="1.345" errors="0">
  <testcase name="f" time="1.345" classname="special.cases.CapturePhoto"/>
</testsuite> <!-- special.cases.CapturePhoto -->
