<?xml version="1.0" encoding="UTF-8"?>
<!-- Generated by org.testng.reporters.JUnitReportReporter -->
<testsuite hostname="HOME-PC" name="com.interactions.FileUploadOne" tests="1" failures="0" timestamp="4 Apr 2017 01:01:06 GMT" time="6.698" errors="0">
  <testcase name="f" time="6.698" classname="com.interactions.FileUploadOne"/>
</testsuite> <!-- com.interactions.FileUploadOne -->
