<?xml version="1.0" encoding="UTF-8"?>
<!-- Generated by org.testng.reporters.JUnitReportReporter -->
<testsuite hostname="HOME-PC" name="browser.command.TestOne" tests="3" failures="0" timestamp="25 Mar 2017 09:35:56 GMT" time="9.321" errors="0">
  <testcase name="setFlightDetails" time="0.600" classname="browser.command.TestOne"/>
  <testcase name="Login" time="8.504" classname="browser.command.TestOne"/>
  <testcase name="signOut" time="0.217" classname="browser.command.TestOne"/>
</testsuite> <!-- browser.command.TestOne -->
