<?xml version="1.0" encoding="UTF-8"?>
<!-- Generated by org.testng.reporters.JUnitReportReporter -->
<testsuite hostname="HOME-PC" name="special.cases.NewBrowserNotifications" tests="1" failures="0" timestamp="27 Mar 2017 01:13:48 GMT" time="0.008" errors="0">
  <testcase name="f" time="0.008" classname="special.cases.NewBrowserNotifications"/>
</testsuite> <!-- special.cases.NewBrowserNotifications -->
