<?xml version="1.0" encoding="UTF-8"?>
<!-- Generated by org.testng.reporters.JUnitReportReporter -->
<testsuite hostname="HOME-PC" name="browser.command.NewTabOne" tests="1" failures="0" timestamp="25 Mar 2017 23:54:16 GMT" time="14.930" errors="0">
  <testcase name="f" time="14.930" classname="browser.command.NewTabOne"/>
</testsuite> <!-- browser.command.NewTabOne -->
